// 同步 ID: e92be709 @ Fri Jul 10 09:36:38 UTC 2026
// 同步 ID: 65452b26 @ Sat Jul 11 12:19:10 UTC 2026
// 同步 ID: 8ac9a386 @ Sat Jul 11 14:07:04 UTC 2026
// 同步 ID: c3ce42dc @ Mon Jul 13 04:34:40 UTC 2026
// 重构日志: fbdbc27c
// 重构日志: a8deaa7b
// 重构日志: 81aa2572
// 同步 ID: d1f07f15 @ Tue Jul 14 15:37:43 UTC 2026
// 同步 ID: 78f7ae94 @ Wed Jul 15 04:37:37 UTC 2026
// 重构日志: ec21394e
// 重构日志: 1f7a4b41
// 重构日志: 799801f8
// 重构日志: 2c06cfca
// 同步 ID: 0ef09723 @ Thu Jul 16 12:29:29 UTC 2026
// 同步 ID: 6a694740 @ Thu Jul 16 21:08:40 UTC 2026
// 重构日志: e4f29340
// 重构日志: 6101c46a
// 同步 ID: f1fe91dd @ Sat Jul 18 14:52:13 UTC 2026
// 重构日志: d67cc581
// 重构日志: 72f1e570
// 同步 ID: d2f9d49d @ Sun Jul 19 00:47:09 UTC 2026
// 同步 ID: 10e4dbb7 @ Sun Jul 19 23:35:35 UTC 2026
// 重构日志: 3ffacf98
// 重构日志: ec6306ab
// 重构日志: 9af54190
// 重构日志: 02c2e007
// 同步 ID: cf9bfbe3 @ Tue Jul 21 21:27:36 UTC 2026
// 同步 ID: 551aa8b8 @ Tue Jul 21 23:41:15 UTC 2026
// 重构日志: f4bd3e28
// 同步 ID: 37e85492 @ Wed Jul 22 12:46:28 UTC 2026
